<?xml version="1.0" encoding="UTF-8"?>
<!-- Generated by org.testng.reporters.JUnitXMLReporter -->
<testsuite ignored="0" hostname="LAPTOP-CVJO9FP1" failures="1" tests="1" name="Default test" time="65.682" errors="0" timestamp="2026-02-15T07:53:25 IST">
  <testcase classname="io.cucumber.testng.AbstractTestNGCucumberTests" name="runScenario" time="65.146">
    <failure type="java.lang.AssertionError" message="Created project not found in listing expected [true] but found [false]">
      <![CDATA[java.lang.AssertionError: Created project not found in listing expected [true] but found [false]
at org.testng.Assert.fail(Assert.java:111)
at org.testng.Assert.failNotEquals(Assert.java:1578)
at org.testng.Assert.assertTrue(Assert.java:57)
at stepdefinitions.ProjectSteps.project_should_appear_in_project_listing(ProjectSteps.java:48)
at âœ½.Project should appear in project listing(file:///C:/Users/skgol/eclipse-workspace/ProjectAutomationFramework/src/test/resources/features/project.feature:11)
]]>
    </failure>
  </testcase> <!-- runScenario -->
</testsuite> <!-- Default test -->
